# JRE version: OpenJDK Runtime Environment (17.0.10) (build 17.0.10+0--11609105)
# Java VM: OpenJDK 64-Bit Server VM (17.0.10+0--11609105, mixed mode, tiered, compressed oops, compressed class ptrs, g1 gc, windows-amd64)
GC Precious Log:
 CPUs: 8 total, 8 available
 Memory: 10182M
 Large Page Support: Disabled
 NUMA Support: Disabled
 Compressed Oops: Enabled (Zero based)
 Heap Region Size: 2M
 Heap Min Capacity: 8M
 Heap Initial Capacity: 160M
 Heap Max Capacity: 2546M
 Pre-touch: Disabled
 Parallel Workers: 8
 Concurrent Workers: 2
 Concurrent Refinement Workers: 8
 Periodic GC: Disabled
Heap:
 garbage-first heap   total 610304K, used 196136K [0x0000000760e00000, 0x0000000800000000)
  region size 2048K, 25 young (51200K), 1 survivors (2048K)
 Metaspace       used 88880K, committed 89216K, reserved 1179648K
  class space    used 9513K, committed 9664K, reserved 1048576K
GC Heap History (20 events):
Event: 31.896 GC heap before
{Heap before GC invocations=30 (full 0):
 garbage-first heap   total 274432K, used 224302K [0x0000000760e00000, 0x0000000800000000)
  region size 2048K, 52 young (106496K), 3 survivors (6144K)
 Metaspace       used 76653K, committed 76992K, reserved 1179648K
  class space    used 8437K, committed 8576K, reserved 1048576K
}
Event: 31.933 GC heap after
{Heap after GC invocations=31 (full 0):
 garbage-first heap   total 274432K, used 141296K [0x0000000760e00000, 0x0000000800000000)
  region size 2048K, 7 young (14336K), 7 survivors (14336K)
 Metaspace       used 76653K, committed 76992K, reserved 1179648K
  class space    used 8437K, committed 8576K, reserved 1048576K
}
Event: 34.053 GC heap before
{Heap before GC invocations=31 (full 0):
 garbage-first heap   total 274432K, used 221168K [0x0000000760e00000, 0x0000000800000000)
  region size 2048K, 46 young (94208K), 7 survivors (14336K)
 Metaspace       used 81072K, committed 81408K, reserved 1179648K
  class space    used 8871K, committed 9024K, reserved 1048576K
}
Event: 34.087 GC heap after
{Heap after GC invocations=32 (full 0):
 garbage-first heap   total 274432K, used 152232K [0x0000000760e00000, 0x0000000800000000)
  region size 2048K, 6 young (12288K), 6 survivors (12288K)
 Metaspace       used 81072K, committed 81408K, reserved 1179648K
  class space    used 8871K, committed 9024K, reserved 1048576K
}
Event: 36.963 GC heap before
{Heap before GC invocations=33 (full 0):
 garbage-first heap   total 274432K, used 217768K [0x0000000760e00000, 0x0000000800000000)
  region size 2048K, 39 young (79872K), 6 survivors (12288K)
 Metaspace       used 86868K, committed 87168K, reserved 1179648K
  class space    used 9462K, committed 9600K, reserved 1048576K
}
Event: 36.982 GC heap after
{Heap after GC invocations=34 (full 0):
 garbage-first heap   total 274432K, used 156822K [0x0000000760e00000, 0x0000000800000000)
  region size 2048K, 4 young (8192K), 4 survivors (8192K)
 Metaspace       used 86868K, committed 87168K, reserved 1179648K
  class space    used 9462K, committed 9600K, reserved 1048576K
}
Event: 37.035 GC heap before
{Heap before GC invocations=34 (full 0):
 garbage-first heap   total 274432K, used 160918K [0x0000000760e00000, 0x0000000800000000)
  region size 2048K, 6 young (12288K), 4 survivors (8192K)
 Metaspace       used 86923K, committed 87232K, reserved 1179648K
  class space    used 9462K, committed 9600K, reserved 1048576K
}
Event: 37.052 GC heap after
{Heap after GC invocations=35 (full 0):
 garbage-first heap   total 274432K, used 148160K [0x0000000760e00000, 0x0000000800000000)
  region size 2048K, 1 young (2048K), 1 survivors (2048K)
 Metaspace       used 86923K, committed 87232K, reserved 1179648K
  class space    used 9462K, committed 9600K, reserved 1048576K
}
Event: 37.875 GC heap before
{Heap before GC invocations=35 (full 0):
 garbage-first heap   total 274432K, used 219840K [0x0000000760e00000, 0x0000000800000000)
  region size 2048K, 36 young (73728K), 1 survivors (2048K)
 Metaspace       used 87405K, committed 87744K, reserved 1179648K
  class space    used 9465K, committed 9600K, reserved 1048576K
}
Event: 37.881 GC heap after
{Heap after GC invocations=36 (full 0):
 garbage-first heap   total 274432K, used 148530K [0x0000000760e00000, 0x0000000800000000)
  region size 2048K, 1 young (2048K), 1 survivors (2048K)
 Metaspace       used 87405K, committed 87744K, reserved 1179648K
  class space    used 9465K, committed 9600K, reserved 1048576K
}
Event: 38.785 GC heap before
{Heap before GC invocations=37 (full 0):
 garbage-first heap   total 296960K, used 224306K [0x0000000760e00000, 0x0000000800000000)
  region size 2048K, 38 young (77824K), 1 survivors (2048K)
 Metaspace       used 87729K, committed 88064K, reserved 1179648K
  class space    used 9465K, committed 9600K, reserved 1048576K
}
Event: 38.794 GC heap after
{Heap after GC invocations=38 (full 0):
 garbage-first heap   total 296960K, used 149840K [0x0000000760e00000, 0x0000000800000000)
  region size 2048K, 2 young (4096K), 2 survivors (4096K)
 Metaspace       used 87729K, committed 88064K, reserved 1179648K
  class space    used 9465K, committed 9600K, reserved 1048576K
}
Event: 38.859 GC heap before
{Heap before GC invocations=38 (full 0):
 garbage-first heap   total 296960K, used 160080K [0x0000000760e00000, 0x0000000800000000)
  region size 2048K, 7 young (14336K), 2 survivors (4096K)
 Metaspace       used 87748K, committed 88064K, reserved 1179648K
  class space    used 9465K, committed 9600K, reserved 1048576K
}
Event: 38.868 GC heap after
{Heap after GC invocations=39 (full 0):
 garbage-first heap   total 296960K, used 147109K [0x0000000760e00000, 0x0000000800000000)
  region size 2048K, 1 young (2048K), 1 survivors (2048K)
 Metaspace       used 87748K, committed 88064K, reserved 1179648K
  class space    used 9465K, committed 9600K, reserved 1048576K
}
Event: 40.143 GC heap before
{Heap before GC invocations=39 (full 0):
 garbage-first heap   total 296960K, used 243365K [0x0000000760e00000, 0x0000000800000000)
  region size 2048K, 48 young (98304K), 1 survivors (2048K)
 Metaspace       used 88224K, committed 88576K, reserved 1179648K
  class space    used 9491K, committed 9664K, reserved 1048576K
}
Event: 40.150 GC heap after
{Heap after GC invocations=40 (full 0):
 garbage-first heap   total 296960K, used 148832K [0x0000000760e00000, 0x0000000800000000)
  region size 2048K, 2 young (4096K), 2 survivors (4096K)
 Metaspace       used 88224K, committed 88576K, reserved 1179648K
  class space    used 9491K, committed 9664K, reserved 1048576K
}
Event: 41.156 GC heap before
{Heap before GC invocations=41 (full 0):
 garbage-first heap   total 305152K, used 245088K [0x0000000760e00000, 0x0000000800000000)
  region size 2048K, 49 young (100352K), 2 survivors (4096K)
 Metaspace       used 88699K, committed 89024K, reserved 1179648K
  class space    used 9506K, committed 9664K, reserved 1048576K
}
Event: 41.168 GC heap after
{Heap after GC invocations=42 (full 0):
 garbage-first heap   total 305152K, used 151396K [0x0000000760e00000, 0x0000000800000000)
  region size 2048K, 3 young (6144K), 3 survivors (6144K)
 Metaspace       used 88699K, committed 89024K, reserved 1179648K
  class space    used 9506K, committed 9664K, reserved 1048576K
}
Event: 41.204 GC heap before
{Heap before GC invocations=42 (full 0):
 garbage-first heap   total 305152K, used 159588K [0x0000000760e00000, 0x0000000800000000)
  region size 2048K, 7 young (14336K), 3 survivors (6144K)
 Metaspace       used 88702K, committed 89024K, reserved 1179648K
  class space    used 9506K, committed 9664K, reserved 1048576K
}
Event: 41.218 GC heap after
{Heap after GC invocations=43 (full 0):
 garbage-first heap   total 610304K, used 149032K [0x0000000760e00000, 0x0000000800000000)
  region size 2048K, 1 young (2048K), 1 survivors (2048K)
 Metaspace       used 88702K, committed 89024K, reserved 1179648K
  class space    used 9506K, committed 9664K, reserved 1048576K
}

